<?xml version="1.0" encoding="UTF-8"?>
<testsuites name="TS1_Login" time="20" tests="2" failures="0" errors="0">
   <testsuite name="TS1_Login" tests="2" failures="0" errors="0" time="20" timestamp="2019-04-04 11:32:39" hostname="ktran - engshare.delphidisplay.com" id="Test Suites/Individual Test Suites/TS1_Login">
      <properties>
         <property name="deviceName" value=""/>
         <property name="devicePlatform" value=""/>
         <property name="logFolder" value="C:\\Users\\ktran\\Katalon Studio\\cloud_test2\\Reports\\Individual Test Suites\\TS1_Login\\20190404_113234"/>
         <property name="logFiles" value="C:\\Users\\ktran\\Katalon Studio\\cloud_test2\\Reports\\Individual Test Suites\\TS1_Login\\20190404_113234\\execution0.log"/>
         <property name="attachments" value=""/>
         <property name="hostName" value="ktran - engshare.delphidisplay.com"/>
         <property name="os" value="Windows 10 64bit"/>
         <property name="katalonVersion" value="6.0.5.10"/>
         <property name="browser" value="Chrome 73.0.3683.86"/>
         <property name="hostAddress" value="192.168.11.14"/>
         <property name="sessionId" value="a92f888d4eb01af91131359c3b5bbf9c"/>
         <property name="seleniumVersion" value="3.7.1"/>
         <property name="proxyInformation" value="ProxyInformation{proxyOption=NO_PROXY, proxyServerType=HTTP, password=, proxyServerAddress=, proxyServerPort=0}"/>
         <property name="platform" value="Windows 10"/>
      </properties>
      <testcase name="Test Cases/Login_Tests/TC1_Login_Valid" classname="Test Cases/Login_Tests/TC1_Login_Valid" status="PASSED">
         <system-out><![CDATA[2019-04-04 11:32:40 - [TEST_CASE][PASSED] - Test Cases/Login_Tests/TC1_Login_Valid: Test Cases/Login_Tests/TC1_Login_Valid

2019-04-04 11:32:40 - [TEST_STEP][PASSED] - login_site = "http://ec2-54-148-80-155.us-west-2.compute.amazonaws.com:8080/Sites/#/login": null

2019-04-04 11:32:40 - [TEST_STEP][PASSED] - home_site = "http://ec2-54-148-80-155.us-west-2.compute.amazonaws.com:8080/Sites/#/site": null

2019-04-04 11:32:40 - [TEST_STEP][PASSED] - openBrowser(""): Browser is opened with url: ''

2019-04-04 11:32:41 - [MESSAGE][INFO] - Starting 'Chrome' driver

2019-04-04 11:32:41 - [MESSAGE][INFO] - Action delay is set to 0 seconds

2019-04-04 11:32:46 - [MESSAGE][PASSED] - Browser is opened with url: ''

2019-04-04 11:32:46 - [TEST_STEP][PASSED] - navigateToUrl(login_site): Navigate to 'http://ec2-54-148-80-155.us-west-2.compute.amazonaws.com:8080/Sites/#/login' successfully

2019-04-04 11:32:47 - [MESSAGE][PASSED] - Navigate to 'http://ec2-54-148-80-155.us-west-2.compute.amazonaws.com:8080/Sites/#/login' successfully

2019-04-04 11:32:47 - [TEST_STEP][PASSED] - setText(findTestObject("Page_Login/input_Username"), findTestData("Login/TD_Login").getValue(1, 2)): Text 'ktran' is set on object 'Object Repository/Page_Login/input_Username'

2019-04-04 11:32:49 - [MESSAGE][PASSED] - Text 'ktran' is set on object 'Object Repository/Page_Login/input_Username'

2019-04-04 11:32:49 - [TEST_STEP][PASSED] - setText(findTestObject("Page_Login/input_Password"), findTestData("Login/TD_Login").getValue(2, 2)): Text 'test!ng1' is set on object 'Object Repository/Page_Login/input_Password'

2019-04-04 11:32:50 - [MESSAGE][PASSED] - Text 'test!ng1' is set on object 'Object Repository/Page_Login/input_Password'

2019-04-04 11:32:50 - [TEST_STEP][PASSED] - click(findTestObject("Page_Login/a_Login")): Object: 'Object Repository/Page_Login/a_Login' is clicked on

2019-04-04 11:32:50 - [MESSAGE][PASSED] - Object: 'Object Repository/Page_Login/a_Login' is clicked on

2019-04-04 11:32:50 - [TEST_STEP][PASSED] - delay(2): Delayed 2 second(s)

2019-04-04 11:32:52 - [MESSAGE][PASSED] - Delayed 2 second(s)

2019-04-04 11:32:52 - [TEST_STEP][PASSED] - signedInPage = getUrl(): Current window's url is: 'http://ec2-54-148-80-155.us-west-2.compute.amazonaws.com:8080/Sites/#/site'

2019-04-04 11:32:53 - [MESSAGE][PASSED] - Current window's url is: 'http://ec2-54-148-80-155.us-west-2.compute.amazonaws.com:8080/Sites/#/site'

2019-04-04 11:32:53 - [TEST_STEP][PASSED] - assert signedInPage == home_site: null]]></system-out>
         <system-err><![CDATA[]]></system-err>
      </testcase>
      <testcase name="Test Cases/Login_Tests/TC2_Login_Invalid" classname="Test Cases/Login_Tests/TC2_Login_Invalid" status="PASSED">
         <system-out><![CDATA[2019-04-04 11:32:53 - [TEST_CASE][PASSED] - Test Cases/Login_Tests/TC2_Login_Invalid: Test Cases/Login_Tests/TC2_Login_Invalid

2019-04-04 11:32:53 - [TEST_STEP][PASSED] - login_site = "http://ec2-54-148-80-155.us-west-2.compute.amazonaws.com:8080/Sites/#/login": null

2019-04-04 11:32:53 - [TEST_STEP][PASSED] - openBrowser(""): Browser is opened with url: ''

2019-04-04 11:32:53 - [MESSAGE][WARNING] - A browser is already opened. Closing browser and opening a new one

2019-04-04 11:32:54 - [MESSAGE][INFO] - Starting 'Chrome' driver

2019-04-04 11:32:57 - [MESSAGE][PASSED] - Browser is opened with url: ''

2019-04-04 11:32:57 - [TEST_STEP][PASSED] - navigateToUrl(login_site): Navigate to 'http://ec2-54-148-80-155.us-west-2.compute.amazonaws.com:8080/Sites/#/login' successfully

2019-04-04 11:32:58 - [MESSAGE][PASSED] - Navigate to 'http://ec2-54-148-80-155.us-west-2.compute.amazonaws.com:8080/Sites/#/login' successfully

2019-04-04 11:32:58 - [TEST_STEP][PASSED] - setText(findTestObject("Page_Login/input_Username"), findTestData("Login/TD_Login").getValue(1, 1)): Text 'invalid' is set on object 'Object Repository/Page_Login/input_Username'

2019-04-04 11:32:59 - [MESSAGE][PASSED] - Text 'invalid' is set on object 'Object Repository/Page_Login/input_Username'

2019-04-04 11:32:59 - [TEST_STEP][PASSED] - setText(findTestObject("Page_Login/input_Password"), findTestData("Login/TD_Login").getValue(2, 1)): Text 'invalid' is set on object 'Object Repository/Page_Login/input_Password'

2019-04-04 11:32:59 - [MESSAGE][PASSED] - Text 'invalid' is set on object 'Object Repository/Page_Login/input_Password'

2019-04-04 11:32:59 - [TEST_STEP][PASSED] - click(findTestObject("Page_Login/a_Login")): Object: 'Object Repository/Page_Login/a_Login' is clicked on

2019-04-04 11:32:59 - [MESSAGE][PASSED] - Object: 'Object Repository/Page_Login/a_Login' is clicked on

2019-04-04 11:32:59 - [TEST_STEP][PASSED] - verifyElementPresent(findTestObject("Page_Login/div_Invalid username or password"), 3): Object 'Object Repository/Page_Login/div_Invalid username or password' is present

2019-04-04 11:33:00 - [MESSAGE][PASSED] - Object 'Object Repository/Page_Login/div_Invalid username or password' is present

2019-04-04 11:33:00 - [TEST_STEP][PASSED] - current_site = getUrl(): Current window's url is: 'http://ec2-54-148-80-155.us-west-2.compute.amazonaws.com:8080/Sites/#/login'

2019-04-04 11:33:00 - [MESSAGE][PASSED] - Current window's url is: 'http://ec2-54-148-80-155.us-west-2.compute.amazonaws.com:8080/Sites/#/login'

2019-04-04 11:33:00 - [TEST_STEP][PASSED] - assert current_site == login_site: null]]></system-out>
         <system-err><![CDATA[]]></system-err>
      </testcase>
      <system-out><![CDATA[2019-04-04 11:32:39 - [TEST_SUITE][PASSED] - TS1_Login: Test Cases/Login_Tests/TC2_Login_Invalid]]></system-out>
      <system-err><![CDATA[]]></system-err>
   </testsuite>
</testsuites>
