<?xml version="1.0" encoding="UTF-8"?>
<testsuites name="TS1_Login" time="22" tests="2" failures="0" errors="0">
   <testsuite name="TS1_Login" tests="2" failures="0" errors="0" time="22" timestamp="2019-04-02 09:37:21" hostname="ktran - engshare.delphidisplay.com" id="Test Suites/TS1_Login">
      <properties>
         <property name="deviceName" value=""/>
         <property name="devicePlatform" value=""/>
         <property name="logFolder" value="C:\\Users\\ktran\\Katalon Studio\\cloud_test2\\Reports\\TS1_Login\\20190402_093716"/>
         <property name="logFiles" value="C:\\Users\\ktran\\Katalon Studio\\cloud_test2\\Reports\\TS1_Login\\20190402_093716\\execution0.log"/>
         <property name="attachments" value=""/>
         <property name="hostName" value="ktran - engshare.delphidisplay.com"/>
         <property name="os" value="Windows 10 64bit"/>
         <property name="katalonVersion" value="6.0.5.10"/>
         <property name="browser" value="Chrome 73.0.3683.86"/>
         <property name="hostAddress" value="192.168.11.14"/>
         <property name="sessionId" value="1ebe7d7507ecc139b4ceb2bb0fd6fa4a"/>
         <property name="seleniumVersion" value="3.7.1"/>
         <property name="proxyInformation" value="ProxyInformation{proxyOption=NO_PROXY, proxyServerType=HTTP, password=, proxyServerAddress=, proxyServerPort=0}"/>
         <property name="platform" value="Windows 10"/>
      </properties>
      <testcase name="Test Cases/Login_Tests/TC1_Login_Valid" classname="Test Cases/Login_Tests/TC1_Login_Valid" status="PASSED">
         <system-out><![CDATA[2019-04-02 09:37:22 - [TEST_CASE][PASSED] - Test Cases/Login_Tests/TC1_Login_Valid: Test Cases/Login_Tests/TC1_Login_Valid

2019-04-02 09:37:23 - [TEST_STEP][PASSED] - openBrowser(""): Browser is opened with url: ''

2019-04-02 09:37:24 - [MESSAGE][INFO] - Starting 'Chrome' driver

2019-04-02 09:37:24 - [MESSAGE][INFO] - Action delay is set to 0 seconds

2019-04-02 09:37:29 - [MESSAGE][PASSED] - Browser is opened with url: ''

2019-04-02 09:37:29 - [TEST_STEP][PASSED] - navigateToUrl("http://ec2-54-148-80-155.us-west-2.compute.amazonaws.com:8080/Sites/#/login"): Navigate to 'http://ec2-54-148-80-155.us-west-2.compute.amazonaws.com:8080/Sites/#/login' successfully

2019-04-02 09:37:31 - [MESSAGE][PASSED] - Navigate to 'http://ec2-54-148-80-155.us-west-2.compute.amazonaws.com:8080/Sites/#/login' successfully

2019-04-02 09:37:31 - [TEST_STEP][PASSED] - startPage = getUrl(): Current window's url is: 'http://ec2-54-148-80-155.us-west-2.compute.amazonaws.com:8080/Sites/#/login'

2019-04-02 09:37:31 - [MESSAGE][PASSED] - Current window's url is: 'http://ec2-54-148-80-155.us-west-2.compute.amazonaws.com:8080/Sites/#/login'

2019-04-02 09:37:31 - [TEST_STEP][PASSED] - assert startPage == "http://ec2-54-148-80-155.us-west-2.compute.amazonaws.com:8080/Sites/#/login": null

2019-04-02 09:37:31 - [TEST_STEP][PASSED] - setText(findTestObject("Login/Page_Delphi/input_Username"), Username): Text 'kaylat' is set on object 'Object Repository/Login/Page_Delphi/input_Username'

2019-04-02 09:37:32 - [MESSAGE][PASSED] - Text 'kaylat' is set on object 'Object Repository/Login/Page_Delphi/input_Username'

2019-04-02 09:37:32 - [TEST_STEP][PASSED] - setText(findTestObject("Login/Page_Delphi/input_Password"), Password): Text 'w0wcloud2' is set on object 'Object Repository/Login/Page_Delphi/input_Password'

2019-04-02 09:37:32 - [MESSAGE][PASSED] - Text 'w0wcloud2' is set on object 'Object Repository/Login/Page_Delphi/input_Password'

2019-04-02 09:37:32 - [TEST_STEP][PASSED] - click(findTestObject("Login/Page_Delphi/a_Login")): Object: 'Object Repository/Login/Page_Delphi/a_Login' is clicked on

2019-04-02 09:37:32 - [MESSAGE][PASSED] - Object: 'Object Repository/Login/Page_Delphi/a_Login' is clicked on

2019-04-02 09:37:32 - [TEST_STEP][PASSED] - delay(2): Delayed 2 second(s)

2019-04-02 09:37:34 - [MESSAGE][PASSED] - Delayed 2 second(s)

2019-04-02 09:37:34 - [TEST_STEP][PASSED] - signedInPage = getUrl(): Current window's url is: 'http://ec2-54-148-80-155.us-west-2.compute.amazonaws.com:8080/Sites/#/site'

2019-04-02 09:37:34 - [MESSAGE][PASSED] - Current window's url is: 'http://ec2-54-148-80-155.us-west-2.compute.amazonaws.com:8080/Sites/#/site'

2019-04-02 09:37:34 - [TEST_STEP][PASSED] - assert signedInPage == "http://ec2-54-148-80-155.us-west-2.compute.amazonaws.com:8080/Sites/#/site": null

2019-04-02 09:37:34 - [TEST_STEP][PASSED] - click(findTestObject("Login/Page_SignedIn/i_Add Site_upDownIcon")): Object: 'Object Repository/Login/Page_SignedIn/i_Add Site_upDownIcon' is clicked on

2019-04-02 09:37:34 - [MESSAGE][PASSED] - Object: 'Object Repository/Login/Page_SignedIn/i_Add Site_upDownIcon' is clicked on

2019-04-02 09:37:34 - [TEST_STEP][PASSED] - delay(1): Delayed 1 second(s)

2019-04-02 09:37:35 - [MESSAGE][PASSED] - Delayed 1 second(s)

2019-04-02 09:37:35 - [TEST_STEP][PASSED] - click(findTestObject("Login/Page_SignedIn/a_Sign Out")): Object: 'Object Repository/Login/Page_SignedIn/a_Sign Out' is clicked on

2019-04-02 09:37:36 - [MESSAGE][PASSED] - Object: 'Object Repository/Login/Page_SignedIn/a_Sign Out' is clicked on

2019-04-02 09:37:36 - [TEST_STEP][PASSED] - closeBrowser(): Browser is closed

2019-04-02 09:37:37 - [MESSAGE][PASSED] - Browser is closed]]></system-out>
         <system-err><![CDATA[]]></system-err>
      </testcase>
      <testcase name="Test Cases/Login_Tests/TC2_Login_Invalid" classname="Test Cases/Login_Tests/TC2_Login_Invalid" status="PASSED">
         <system-out><![CDATA[2019-04-02 09:37:37 - [TEST_CASE][PASSED] - Test Cases/Login_Tests/TC2_Login_Invalid: Test Cases/Login_Tests/TC2_Login_Invalid

2019-04-02 09:37:37 - [TEST_STEP][PASSED] - openBrowser(""): Browser is opened with url: ''

2019-04-02 09:37:37 - [MESSAGE][INFO] - Starting 'Chrome' driver

2019-04-02 09:37:40 - [MESSAGE][PASSED] - Browser is opened with url: ''

2019-04-02 09:37:40 - [TEST_STEP][PASSED] - navigateToUrl("http://ec2-54-148-80-155.us-west-2.compute.amazonaws.com:8080/Sites/#/login"): Navigate to 'http://ec2-54-148-80-155.us-west-2.compute.amazonaws.com:8080/Sites/#/login' successfully

2019-04-02 09:37:42 - [MESSAGE][PASSED] - Navigate to 'http://ec2-54-148-80-155.us-west-2.compute.amazonaws.com:8080/Sites/#/login' successfully

2019-04-02 09:37:42 - [TEST_STEP][PASSED] - setText(findTestObject("Login/Page_Delphi/input_Username"), "kaylat"): Text 'kaylat' is set on object 'Object Repository/Login/Page_Delphi/input_Username'

2019-04-02 09:37:42 - [MESSAGE][PASSED] - Text 'kaylat' is set on object 'Object Repository/Login/Page_Delphi/input_Username'

2019-04-02 09:37:42 - [TEST_STEP][PASSED] - setText(findTestObject("Login/Page_Delphi/input_Password"), "invalid"): Text 'invalid' is set on object 'Object Repository/Login/Page_Delphi/input_Password'

2019-04-02 09:37:43 - [MESSAGE][PASSED] - Text 'invalid' is set on object 'Object Repository/Login/Page_Delphi/input_Password'

2019-04-02 09:37:43 - [TEST_STEP][PASSED] - click(findTestObject("Login/Page_Delphi/a_Login")): Object: 'Object Repository/Login/Page_Delphi/a_Login' is clicked on

2019-04-02 09:37:43 - [MESSAGE][PASSED] - Object: 'Object Repository/Login/Page_Delphi/a_Login' is clicked on

2019-04-02 09:37:43 - [TEST_STEP][PASSED] - click(findTestObject("Login/Page_Delphi/div_Invalid username or password")): Object: 'Object Repository/Login/Page_Delphi/div_Invalid username or password' is clicked on

2019-04-02 09:37:43 - [MESSAGE][PASSED] - Object: 'Object Repository/Login/Page_Delphi/div_Invalid username or password' is clicked on

2019-04-02 09:37:43 - [TEST_STEP][PASSED] - verifyElementPresent(findTestObject("Login/Page_Delphi/div_Invalid username or password"), 0): Object 'Object Repository/Login/Page_Delphi/div_Invalid username or password' is present

2019-04-02 09:37:43 - [MESSAGE][WARNING] - Timeout '0' is invalid. Using default page load timeout: '30'

2019-04-02 09:37:43 - [MESSAGE][PASSED] - Object 'Object Repository/Login/Page_Delphi/div_Invalid username or password' is present]]></system-out>
         <system-err><![CDATA[]]></system-err>
      </testcase>
      <system-out><![CDATA[2019-04-02 09:37:21 - [TEST_SUITE][PASSED] - TS1_Login: Test Cases/Login_Tests/TC2_Login_Invalid]]></system-out>
      <system-err><![CDATA[]]></system-err>
   </testsuite>
</testsuites>
