<?xml version="1.0" encoding="UTF-8"?>
<testsuites name="TS3_Device" time="16" tests="2" failures="0" errors="0">
   <testsuite name="TS3_Device" tests="2" failures="0" errors="0" time="16" timestamp="2019-04-04 14:28:51" hostname="ktran - engshare.delphidisplay.com" id="Test Suites/Individual Test Suites/TS3_Device">
      <properties>
         <property name="deviceName" value=""/>
         <property name="devicePlatform" value=""/>
         <property name="logFolder" value="C:\\Users\\ktran\\Katalon Studio\\cloud_test2\\Reports\\Individual Test Suites\\TS3_Device\\20190404_142845"/>
         <property name="logFiles" value="C:\\Users\\ktran\\Katalon Studio\\cloud_test2\\Reports\\Individual Test Suites\\TS3_Device\\20190404_142845\\execution0.log"/>
         <property name="attachments" value=""/>
         <property name="hostName" value="ktran - engshare.delphidisplay.com"/>
         <property name="os" value="Windows 10 64bit"/>
         <property name="katalonVersion" value="6.0.5.10"/>
         <property name="browser" value="Chrome 73.0.3683.86"/>
         <property name="hostAddress" value="192.168.11.14"/>
         <property name="sessionId" value="2a1aa99641ad339fd899a0cbb8d5d09c"/>
         <property name="seleniumVersion" value="3.7.1"/>
         <property name="proxyInformation" value="ProxyInformation{proxyOption=NO_PROXY, proxyServerType=HTTP, password=, proxyServerAddress=, proxyServerPort=0}"/>
         <property name="platform" value="Windows 10"/>
      </properties>
      <testcase name="Test Cases/Login_Tests/TC1_Login_Valid" classname="Test Cases/Login_Tests/TC1_Login_Valid" status="PASSED">
         <system-out><![CDATA[2019-04-04 14:28:51 - [TEST_CASE][PASSED] - Test Cases/Login_Tests/TC1_Login_Valid: Test Cases/Login_Tests/TC1_Login_Valid

2019-04-04 14:28:52 - [TEST_STEP][PASSED] - login_site = "http://ec2-54-148-80-155.us-west-2.compute.amazonaws.com:8080/Sites/#/login": null

2019-04-04 14:28:52 - [TEST_STEP][PASSED] - home_site = "http://ec2-54-148-80-155.us-west-2.compute.amazonaws.com:8080/Sites/#/site": null

2019-04-04 14:28:52 - [TEST_STEP][PASSED] - openBrowser(""): Browser is opened with url: ''

2019-04-04 14:28:53 - [MESSAGE][INFO] - Starting 'Chrome' driver

2019-04-04 14:28:53 - [MESSAGE][INFO] - Action delay is set to 0 seconds

2019-04-04 14:28:58 - [MESSAGE][PASSED] - Browser is opened with url: ''

2019-04-04 14:28:58 - [TEST_STEP][PASSED] - navigateToUrl(login_site): Navigate to 'http://ec2-54-148-80-155.us-west-2.compute.amazonaws.com:8080/Sites/#/login' successfully

2019-04-04 14:28:59 - [MESSAGE][PASSED] - Navigate to 'http://ec2-54-148-80-155.us-west-2.compute.amazonaws.com:8080/Sites/#/login' successfully

2019-04-04 14:28:59 - [TEST_STEP][PASSED] - setText(findTestObject("Page_Login/input_Username"), findTestData("Login/TD_Login").getValue(1, 2)): Text 'ktran' is set on object 'Object Repository/Page_Login/input_Username'

2019-04-04 14:29:02 - [MESSAGE][PASSED] - Text 'ktran' is set on object 'Object Repository/Page_Login/input_Username'

2019-04-04 14:29:02 - [TEST_STEP][PASSED] - setText(findTestObject("Page_Login/input_Password"), findTestData("Login/TD_Login").getValue(2, 2)): Text 'test!ng1' is set on object 'Object Repository/Page_Login/input_Password'

2019-04-04 14:29:02 - [MESSAGE][PASSED] - Text 'test!ng1' is set on object 'Object Repository/Page_Login/input_Password'

2019-04-04 14:29:02 - [TEST_STEP][PASSED] - click(findTestObject("Page_Login/a_Login")): Object: 'Object Repository/Page_Login/a_Login' is clicked on

2019-04-04 14:29:02 - [MESSAGE][PASSED] - Object: 'Object Repository/Page_Login/a_Login' is clicked on

2019-04-04 14:29:02 - [TEST_STEP][PASSED] - delay(2): Delayed 2 second(s)

2019-04-04 14:29:04 - [MESSAGE][PASSED] - Delayed 2 second(s)

2019-04-04 14:29:04 - [TEST_STEP][PASSED] - signedInPage = getUrl(): Current window's url is: 'http://ec2-54-148-80-155.us-west-2.compute.amazonaws.com:8080/Sites/#/site'

2019-04-04 14:29:04 - [MESSAGE][PASSED] - Current window's url is: 'http://ec2-54-148-80-155.us-west-2.compute.amazonaws.com:8080/Sites/#/site'

2019-04-04 14:29:04 - [TEST_STEP][PASSED] - assert signedInPage == home_site: null]]></system-out>
         <system-err><![CDATA[]]></system-err>
      </testcase>
      <testcase name="Test Cases/Devices/Add Device/TC9_Add_One_Device" classname="Test Cases/Devices/Add Device/TC9_Add_One_Device" status="PASSED">
         <system-out><![CDATA[2019-04-04 14:29:04 - [TEST_CASE][PASSED] - Test Cases/Devices/Add Device/TC9_Add_One_Device: Test Cases/Devices/Add Device/TC9_Add_One_Device

2019-04-04 14:29:05 - [TEST_STEP][PASSED] - click(findTestObject("Page_HomePage/Add Device/Add Device/a_Add Device")): Object: 'Object Repository/Page_HomePage/Add Device/Add Device/a_Add Device' is clicked on

2019-04-04 14:29:05 - [MESSAGE][PASSED] - Object: 'Object Repository/Page_HomePage/Add Device/Add Device/a_Add Device' is clicked on

2019-04-04 14:29:05 - [TEST_STEP][PASSED] - setText(findTestObject("Page_HomePage/Add Device/Add Device/input__deviceName"), "device 1"): Text 'device 1' is set on object 'Object Repository/Page_HomePage/Add Device/Add Device/input__deviceName'

2019-04-04 14:29:06 - [MESSAGE][PASSED] - Text 'device 1' is set on object 'Object Repository/Page_HomePage/Add Device/Add Device/input__deviceName'

2019-04-04 14:29:06 - [TEST_STEP][PASSED] - setText(findTestObject("Page_HomePage/Add Device/Add Device/input_Enter Device Name_description"), "dev"): Text 'dev' is set on object 'Object Repository/Page_HomePage/Add Device/Add Device/input_Enter Device Name_description'

2019-04-04 14:29:06 - [MESSAGE][PASSED] - Text 'dev' is set on object 'Object Repository/Page_HomePage/Add Device/Add Device/input_Enter Device Name_description'

2019-04-04 14:29:06 - [TEST_STEP][PASSED] - setText(findTestObject("Page_HomePage/Add Device/Add Device/input_Enter Description_serialNumber"), "111"): Text '111' is set on object 'Object Repository/Page_HomePage/Add Device/Add Device/input_Enter Description_serialNumber'

2019-04-04 14:29:06 - [MESSAGE][PASSED] - Text '111' is set on object 'Object Repository/Page_HomePage/Add Device/Add Device/input_Enter Description_serialNumber'

2019-04-04 14:29:06 - [TEST_STEP][PASSED] - selectOptionByValue(findTestObject("Page_HomePage/Add Device/Add Device/select_Select Siteyes"), "1: 585", true): All options with value '1: 585' are selected in object 'Object Repository/Page_HomePage/Add Device/Add Device/select_Select Siteyes'  using regular expression

2019-04-04 14:29:07 - [MESSAGE][PASSED] - All options with value '1: 585' are selected in object 'Object Repository/Page_HomePage/Add Device/Add Device/select_Select Siteyes'  using regular expression

2019-04-04 14:29:07 - [TEST_STEP][PASSED] - click(findTestObject("Page_HomePage/Add Device/Add Device/a_FINISH")): Object: 'Object Repository/Page_HomePage/Add Device/Add Device/a_FINISH' is clicked on

2019-04-04 14:29:07 - [MESSAGE][PASSED] - Object: 'Object Repository/Page_HomePage/Add Device/Add Device/a_FINISH' is clicked on

2019-04-04 14:29:07 - [TEST_STEP][PASSED] - verifyElementPresent(findTestObject("Page_HomePage/Add Device/Add Device/div_Device added successfully."), 2): Object 'Object Repository/Page_HomePage/Add Device/Add Device/div_Device added successfully.' is present

2019-04-04 14:29:07 - [MESSAGE][PASSED] - Object 'Object Repository/Page_HomePage/Add Device/Add Device/div_Device added successfully.' is present]]></system-out>
         <system-err><![CDATA[]]></system-err>
      </testcase>
      <system-out><![CDATA[2019-04-04 14:28:51 - [TEST_SUITE][PASSED] - TS3_Device: Test Cases/Devices/Add Device/TC9_Add_One_Device]]></system-out>
      <system-err><![CDATA[]]></system-err>
   </testsuite>
</testsuites>
