<?xml version="1.0" encoding="UTF-8"?>
<testsuites name="Login" time="33" tests="2" failures="0" errors="0">
   <testsuite name="Login" tests="2" failures="0" errors="0" time="33" timestamp="2019-03-11 11:16:22" hostname="ktran - engshare.delphidisplay.com" id="Test Suites/Login">
      <properties>
         <property name="deviceName" value=""/>
         <property name="devicePlatform" value=""/>
         <property name="logFolder" value="C:\\Users\\ktran\\Katalon Studio\\cloud_test2\\Reports\\Login\\20190311_111617"/>
         <property name="logFiles" value="C:\\Users\\ktran\\Katalon Studio\\cloud_test2\\Reports\\Login\\20190311_111617\\execution0.log"/>
         <property name="attachments" value=""/>
         <property name="hostName" value="ktran - engshare.delphidisplay.com"/>
         <property name="os" value="Windows 10 64bit"/>
         <property name="katalonVersion" value="6.0.5.10"/>
         <property name="browser" value="Firefox 65.0"/>
         <property name="hostAddress" value="192.168.11.14"/>
         <property name="sessionId" value="03a0bfb2-f873-4b3b-b128-7522924eda94"/>
         <property name="seleniumVersion" value="3.7.1"/>
         <property name="proxyInformation" value="ProxyInformation{proxyOption=NO_PROXY, proxyServerType=HTTP, password=, proxyServerAddress=, proxyServerPort=0}"/>
         <property name="platform" value="Windows 10"/>
      </properties>
      <testcase name="Test Cases/Login/Login_Valid" classname="Test Cases/Login/Login_Valid" status="PASSED">
         <system-out><![CDATA[2019-03-11 11:16:22 - [TEST_CASE][PASSED] - Test Cases/Login/Login_Valid: Test Cases/Login/Login_Valid

2019-03-11 11:16:24 - [TEST_STEP][PASSED] - openBrowser(""): Browser is opened with url: ''

2019-03-11 11:16:24 - [MESSAGE][INFO] - Starting 'Firefox' driver

2019-03-11 11:16:25 - [MESSAGE][INFO] - Action delay is set to 0 seconds

2019-03-11 11:16:34 - [MESSAGE][PASSED] - Browser is opened with url: ''

2019-03-11 11:16:34 - [TEST_STEP][PASSED] - navigateToUrl("http://ec2-54-148-80-155.us-west-2.compute.amazonaws.com:8080/Sites/#/login"): Navigate to 'http://ec2-54-148-80-155.us-west-2.compute.amazonaws.com:8080/Sites/#/login' successfully

2019-03-11 11:16:35 - [MESSAGE][PASSED] - Navigate to 'http://ec2-54-148-80-155.us-west-2.compute.amazonaws.com:8080/Sites/#/login' successfully

2019-03-11 11:16:35 - [TEST_STEP][PASSED] - startPage = getUrl(): Current window's url is: 'http://ec2-54-148-80-155.us-west-2.compute.amazonaws.com:8080/Sites/#/login'

2019-03-11 11:16:35 - [MESSAGE][PASSED] - Current window's url is: 'http://ec2-54-148-80-155.us-west-2.compute.amazonaws.com:8080/Sites/#/login'

2019-03-11 11:16:35 - [TEST_STEP][PASSED] - assert startPage == "http://ec2-54-148-80-155.us-west-2.compute.amazonaws.com:8080/Sites/#/login": null

2019-03-11 11:16:35 - [TEST_STEP][PASSED] - setText(findTestObject("Login/Page_Delphi/input_Username"), Username): Text 'kaylat' is set on object 'Object Repository/Login/Page_Delphi/input_Username'

2019-03-11 11:16:36 - [MESSAGE][PASSED] - Text 'kaylat' is set on object 'Object Repository/Login/Page_Delphi/input_Username'

2019-03-11 11:16:36 - [TEST_STEP][PASSED] - setText(findTestObject("Login/Page_Delphi/input_Password"), Password): Text 'w0wcloud2' is set on object 'Object Repository/Login/Page_Delphi/input_Password'

2019-03-11 11:16:36 - [MESSAGE][PASSED] - Text 'w0wcloud2' is set on object 'Object Repository/Login/Page_Delphi/input_Password'

2019-03-11 11:16:36 - [TEST_STEP][PASSED] - click(findTestObject("Login/Page_Delphi/a_Login")): Object: 'Object Repository/Login/Page_Delphi/a_Login' is clicked on

2019-03-11 11:16:36 - [MESSAGE][PASSED] - Object: 'Object Repository/Login/Page_Delphi/a_Login' is clicked on

2019-03-11 11:16:36 - [TEST_STEP][PASSED] - delay(2): Delayed 2 second(s)

2019-03-11 11:16:38 - [MESSAGE][PASSED] - Delayed 2 second(s)

2019-03-11 11:16:38 - [TEST_STEP][PASSED] - signedInPage = getUrl(): Current window's url is: 'http://ec2-54-148-80-155.us-west-2.compute.amazonaws.com:8080/Sites/#/site'

2019-03-11 11:16:38 - [MESSAGE][PASSED] - Current window's url is: 'http://ec2-54-148-80-155.us-west-2.compute.amazonaws.com:8080/Sites/#/site'

2019-03-11 11:16:38 - [TEST_STEP][PASSED] - assert signedInPage == "http://ec2-54-148-80-155.us-west-2.compute.amazonaws.com:8080/Sites/#/site": null

2019-03-11 11:16:38 - [TEST_STEP][PASSED] - click(findTestObject("Login/Page_Delphi/i_Add Site_upDownIcon")): Object: 'Object Repository/Login/Page_Delphi/i_Add Site_upDownIcon' is clicked on

2019-03-11 11:16:39 - [MESSAGE][PASSED] - Object: 'Object Repository/Login/Page_Delphi/i_Add Site_upDownIcon' is clicked on

2019-03-11 11:16:39 - [TEST_STEP][PASSED] - delay(1): Delayed 1 second(s)

2019-03-11 11:16:40 - [MESSAGE][PASSED] - Delayed 1 second(s)

2019-03-11 11:16:40 - [TEST_STEP][PASSED] - click(findTestObject("Login/Page_Delphi/a_Sign Out")): Object: 'Object Repository/Login/Page_Delphi/a_Sign Out' is clicked on

2019-03-11 11:16:40 - [MESSAGE][PASSED] - Object: 'Object Repository/Login/Page_Delphi/a_Sign Out' is clicked on

2019-03-11 11:16:40 - [TEST_STEP][PASSED] - closeBrowser(): Browser is closed

2019-03-11 11:16:42 - [MESSAGE][PASSED] - Browser is closed]]></system-out>
         <system-err><![CDATA[]]></system-err>
      </testcase>
      <testcase name="Test Cases/Login/Login_Invalid" classname="Test Cases/Login/Login_Invalid" status="PASSED">
         <system-out><![CDATA[2019-03-11 11:16:42 - [TEST_CASE][PASSED] - Test Cases/Login/Login_Invalid: Test Cases/Login/Login_Invalid

2019-03-11 11:16:43 - [TEST_STEP][PASSED] - openBrowser(""): Browser is opened with url: ''

2019-03-11 11:16:43 - [MESSAGE][INFO] - Starting 'Firefox' driver

2019-03-11 11:16:49 - [MESSAGE][PASSED] - Browser is opened with url: ''

2019-03-11 11:16:49 - [TEST_STEP][PASSED] - navigateToUrl("http://ec2-54-148-80-155.us-west-2.compute.amazonaws.com:8080/Sites/#/login"): Navigate to 'http://ec2-54-148-80-155.us-west-2.compute.amazonaws.com:8080/Sites/#/login' successfully

2019-03-11 11:16:51 - [MESSAGE][PASSED] - Navigate to 'http://ec2-54-148-80-155.us-west-2.compute.amazonaws.com:8080/Sites/#/login' successfully

2019-03-11 11:16:51 - [TEST_STEP][PASSED] - setText(findTestObject("Login/Page_Delphi/input_Username"), "kaylat"): Text 'kaylat' is set on object 'Object Repository/Login/Page_Delphi/input_Username'

2019-03-11 11:16:51 - [MESSAGE][PASSED] - Text 'kaylat' is set on object 'Object Repository/Login/Page_Delphi/input_Username'

2019-03-11 11:16:51 - [TEST_STEP][PASSED] - setText(findTestObject("Login/Page_Delphi/input_Password"), "invalid"): Text 'invalid' is set on object 'Object Repository/Login/Page_Delphi/input_Password'

2019-03-11 11:16:51 - [MESSAGE][PASSED] - Text 'invalid' is set on object 'Object Repository/Login/Page_Delphi/input_Password'

2019-03-11 11:16:51 - [TEST_STEP][PASSED] - click(findTestObject("Login/Page_Delphi/a_Login")): Object: 'Object Repository/Login/Page_Delphi/a_Login' is clicked on

2019-03-11 11:16:52 - [MESSAGE][PASSED] - Object: 'Object Repository/Login/Page_Delphi/a_Login' is clicked on

2019-03-11 11:16:52 - [TEST_STEP][PASSED] - click(findTestObject("Object Repository/Login/Page_Delphi/div_Invalid username or password")): Object: 'Object Repository/Login/Page_Delphi/div_Invalid username or password' is clicked on

2019-03-11 11:16:52 - [MESSAGE][PASSED] - Object: 'Object Repository/Login/Page_Delphi/div_Invalid username or password' is clicked on

2019-03-11 11:16:52 - [TEST_STEP][PASSED] - verifyElementPresent(findTestObject("Login/Page_Delphi/div_Invalid username or password"), 0): Object 'Object Repository/Login/Page_Delphi/div_Invalid username or password' is present

2019-03-11 11:16:52 - [MESSAGE][WARNING] - Timeout '0' is invalid. Using default page load timeout: '30'

2019-03-11 11:16:52 - [MESSAGE][PASSED] - Object 'Object Repository/Login/Page_Delphi/div_Invalid username or password' is present]]></system-out>
         <system-err><![CDATA[]]></system-err>
      </testcase>
      <system-out><![CDATA[2019-03-11 11:16:22 - [TEST_SUITE][PASSED] - Login: Test Cases/Login/Login_Invalid]]></system-out>
      <system-err><![CDATA[]]></system-err>
   </testsuite>
</testsuites>
