<?xml version="1.0" encoding="UTF-8"?>
<testsuites name="TS2_Add_Site" time="22" tests="2" failures="0" errors="0">
   <testsuite name="TS2_Add_Site" tests="2" failures="0" errors="0" time="22" timestamp="2019-04-02 15:38:34" hostname="ktran - engshare.delphidisplay.com" id="Test Suites/TS2_Add_Site">
      <properties>
         <property name="deviceName" value=""/>
         <property name="devicePlatform" value=""/>
         <property name="logFolder" value="C:\\Users\\ktran\\Katalon Studio\\cloud_test2\\Reports\\TS2_Add_Site\\20190402_153829"/>
         <property name="logFiles" value="C:\\Users\\ktran\\Katalon Studio\\cloud_test2\\Reports\\TS2_Add_Site\\20190402_153829\\execution0.log"/>
         <property name="attachments" value=""/>
         <property name="hostName" value="ktran - engshare.delphidisplay.com"/>
         <property name="os" value="Windows 10 64bit"/>
         <property name="katalonVersion" value="6.0.5.10"/>
         <property name="browser" value="Chrome 73.0.3683.86"/>
         <property name="hostAddress" value="192.168.11.14"/>
         <property name="sessionId" value="4275682047ee2087198df7039af38224"/>
         <property name="seleniumVersion" value="3.7.1"/>
         <property name="proxyInformation" value="ProxyInformation{proxyOption=NO_PROXY, proxyServerType=HTTP, password=, proxyServerAddress=, proxyServerPort=0}"/>
         <property name="platform" value="Windows 10"/>
      </properties>
      <testcase name="Test Cases/Login_Tests/TC1_Login_Valid" classname="Test Cases/Login_Tests/TC1_Login_Valid" status="PASSED">
         <system-out><![CDATA[2019-04-02 15:38:35 - [TEST_CASE][PASSED] - Test Cases/Login_Tests/TC1_Login_Valid: Test Cases/Login_Tests/TC1_Login_Valid

2019-04-02 15:38:36 - [TEST_STEP][PASSED] - openBrowser(""): Browser is opened with url: ''

2019-04-02 15:38:36 - [MESSAGE][INFO] - Starting 'Chrome' driver

2019-04-02 15:38:37 - [MESSAGE][INFO] - Action delay is set to 0 seconds

2019-04-02 15:38:42 - [MESSAGE][PASSED] - Browser is opened with url: ''

2019-04-02 15:38:42 - [TEST_STEP][PASSED] - navigateToUrl("http://ec2-54-148-80-155.us-west-2.compute.amazonaws.com:8080/Sites/#/login"): Navigate to 'http://ec2-54-148-80-155.us-west-2.compute.amazonaws.com:8080/Sites/#/login' successfully

2019-04-02 15:38:43 - [MESSAGE][PASSED] - Navigate to 'http://ec2-54-148-80-155.us-west-2.compute.amazonaws.com:8080/Sites/#/login' successfully

2019-04-02 15:38:43 - [TEST_STEP][PASSED] - startPage = getUrl(): Current window's url is: 'http://ec2-54-148-80-155.us-west-2.compute.amazonaws.com:8080/Sites/#/login'

2019-04-02 15:38:43 - [MESSAGE][PASSED] - Current window's url is: 'http://ec2-54-148-80-155.us-west-2.compute.amazonaws.com:8080/Sites/#/login'

2019-04-02 15:38:43 - [TEST_STEP][PASSED] - assert startPage == "http://ec2-54-148-80-155.us-west-2.compute.amazonaws.com:8080/Sites/#/login": null

2019-04-02 15:38:43 - [TEST_STEP][PASSED] - setText(findTestObject("Page_Login/input_Username"), Username): Text 'ktran2' is set on object 'Object Repository/Page_Login/input_Username'

2019-04-02 15:38:44 - [MESSAGE][PASSED] - Text 'ktran2' is set on object 'Object Repository/Page_Login/input_Username'

2019-04-02 15:38:44 - [TEST_STEP][PASSED] - setText(findTestObject("Page_Login/input_Password"), Password): Text 'test!ng!' is set on object 'Object Repository/Page_Login/input_Password'

2019-04-02 15:38:44 - [MESSAGE][PASSED] - Text 'test!ng!' is set on object 'Object Repository/Page_Login/input_Password'

2019-04-02 15:38:44 - [TEST_STEP][PASSED] - click(findTestObject("Page_Login/a_Login")): Object: 'Object Repository/Page_Login/a_Login' is clicked on

2019-04-02 15:38:45 - [MESSAGE][PASSED] - Object: 'Object Repository/Page_Login/a_Login' is clicked on

2019-04-02 15:38:45 - [TEST_STEP][PASSED] - delay(2): Delayed 2 second(s)

2019-04-02 15:38:47 - [MESSAGE][PASSED] - Delayed 2 second(s)

2019-04-02 15:38:47 - [TEST_STEP][PASSED] - signedInPage = getUrl(): Current window's url is: 'http://ec2-54-148-80-155.us-west-2.compute.amazonaws.com:8080/Sites/#/site'

2019-04-02 15:38:47 - [MESSAGE][PASSED] - Current window's url is: 'http://ec2-54-148-80-155.us-west-2.compute.amazonaws.com:8080/Sites/#/site'

2019-04-02 15:38:47 - [TEST_STEP][PASSED] - assert signedInPage == "http://ec2-54-148-80-155.us-west-2.compute.amazonaws.com:8080/Sites/#/site": null]]></system-out>
         <system-err><![CDATA[]]></system-err>
      </testcase>
      <testcase name="Test Cases/Sites/TC3_Add_Site" classname="Test Cases/Sites/TC3_Add_Site" status="PASSED">
         <system-out><![CDATA[2019-04-02 15:38:47 - [TEST_CASE][PASSED] - Test Cases/Sites/TC3_Add_Site: Test Cases/Sites/TC3_Add_Site

2019-04-02 15:38:48 - [TEST_STEP][PASSED] - click(findTestObject("Page_HomePage/Add Site/a_Add Site")): Object: 'Object Repository/Page_HomePage/Add Site/a_Add Site' is clicked on

2019-04-02 15:38:48 - [MESSAGE][PASSED] - Object: 'Object Repository/Page_HomePage/Add Site/a_Add Site' is clicked on

2019-04-02 15:38:48 - [TEST_STEP][PASSED] - click(findTestObject("Page_HomePage/Add Site/label_Enter Site Name")): Object: 'Object Repository/Page_HomePage/Add Site/label_Enter Site Name' is clicked on

2019-04-02 15:38:48 - [MESSAGE][PASSED] - Object: 'Object Repository/Page_HomePage/Add Site/label_Enter Site Name' is clicked on

2019-04-02 15:38:48 - [TEST_STEP][PASSED] - setText(findTestObject("Page_HomePage/Add Site/input__siteName"), "in and out 4"): Text 'in and out 4' is set on object 'Object Repository/Page_HomePage/Add Site/input__siteName'

2019-04-02 15:38:49 - [MESSAGE][PASSED] - Text 'in and out 4' is set on object 'Object Repository/Page_HomePage/Add Site/input__siteName'

2019-04-02 15:38:49 - [TEST_STEP][PASSED] - click(findTestObject("Page_HomePage/Add Site/label_Enter Address")): Object: 'Object Repository/Page_HomePage/Add Site/label_Enter Address' is clicked on

2019-04-02 15:38:50 - [MESSAGE][PASSED] - Object: 'Object Repository/Page_HomePage/Add Site/label_Enter Address' is clicked on

2019-04-02 15:38:50 - [TEST_STEP][PASSED] - setText(findTestObject("Page_HomePage/Add Site/input_Enter Site Name_address"), "123 potato"): Text '123 potato' is set on object 'Object Repository/Page_HomePage/Add Site/input_Enter Site Name_address'

2019-04-02 15:38:50 - [MESSAGE][PASSED] - Text '123 potato' is set on object 'Object Repository/Page_HomePage/Add Site/input_Enter Site Name_address'

2019-04-02 15:38:50 - [TEST_STEP][PASSED] - click(findTestObject("Page_HomePage/Add Site/label_Enter City")): Object: 'Object Repository/Page_HomePage/Add Site/label_Enter City' is clicked on

2019-04-02 15:38:50 - [MESSAGE][PASSED] - Object: 'Object Repository/Page_HomePage/Add Site/label_Enter City' is clicked on

2019-04-02 15:38:50 - [TEST_STEP][PASSED] - setText(findTestObject("Page_HomePage/Add Site/input_Enter Address_city"), "irvine"): Text 'irvine' is set on object 'Object Repository/Page_HomePage/Add Site/input_Enter Address_city'

2019-04-02 15:38:51 - [MESSAGE][PASSED] - Text 'irvine' is set on object 'Object Repository/Page_HomePage/Add Site/input_Enter Address_city'

2019-04-02 15:38:51 - [TEST_STEP][PASSED] - click(findTestObject("Page_HomePage/Add Site/label_Enter State")): Object: 'Object Repository/Page_HomePage/Add Site/label_Enter State' is clicked on

2019-04-02 15:38:51 - [MESSAGE][PASSED] - Object: 'Object Repository/Page_HomePage/Add Site/label_Enter State' is clicked on

2019-04-02 15:38:51 - [TEST_STEP][PASSED] - setText(findTestObject("Page_HomePage/Add Site/input_Enter City_state"), "california"): Text 'california' is set on object 'Object Repository/Page_HomePage/Add Site/input_Enter City_state'

2019-04-02 15:38:51 - [MESSAGE][PASSED] - Text 'california' is set on object 'Object Repository/Page_HomePage/Add Site/input_Enter City_state'

2019-04-02 15:38:51 - [TEST_STEP][PASSED] - click(findTestObject("Page_HomePage/Add Site/a_NEXT")): Object: 'Object Repository/Page_HomePage/Add Site/a_NEXT' is clicked on

2019-04-02 15:38:52 - [MESSAGE][PASSED] - Object: 'Object Repository/Page_HomePage/Add Site/a_NEXT' is clicked on

2019-04-02 15:38:52 - [TEST_STEP][PASSED] - setText(findTestObject("Page_HomePage/Add Site/input_NEXT_country"), "united states"): Text 'united states' is set on object 'Object Repository/Page_HomePage/Add Site/input_NEXT_country'

2019-04-02 15:38:52 - [MESSAGE][PASSED] - Text 'united states' is set on object 'Object Repository/Page_HomePage/Add Site/input_NEXT_country'

2019-04-02 15:38:52 - [TEST_STEP][PASSED] - click(findTestObject("Page_HomePage/Add Site/label_Enter ZIP Code")): Object: 'Object Repository/Page_HomePage/Add Site/label_Enter ZIP Code' is clicked on

2019-04-02 15:38:53 - [MESSAGE][PASSED] - Object: 'Object Repository/Page_HomePage/Add Site/label_Enter ZIP Code' is clicked on

2019-04-02 15:38:53 - [TEST_STEP][PASSED] - setText(findTestObject("Page_HomePage/Add Site/input_Enter Country_ZIP"), "95148"): Text '95148' is set on object 'Object Repository/Page_HomePage/Add Site/input_Enter Country_ZIP'

2019-04-02 15:38:53 - [MESSAGE][PASSED] - Text '95148' is set on object 'Object Repository/Page_HomePage/Add Site/input_Enter Country_ZIP'

2019-04-02 15:38:53 - [TEST_STEP][PASSED] - click(findTestObject("Page_HomePage/Add Site/label_Enter Contact Name")): Object: 'Object Repository/Page_HomePage/Add Site/label_Enter Contact Name' is clicked on

2019-04-02 15:38:53 - [MESSAGE][PASSED] - Object: 'Object Repository/Page_HomePage/Add Site/label_Enter Contact Name' is clicked on

2019-04-02 15:38:53 - [TEST_STEP][PASSED] - setText(findTestObject("Page_HomePage/Add Site/input_Enter ZIP Code_cName"), "Kayla"): Text 'Kayla' is set on object 'Object Repository/Page_HomePage/Add Site/input_Enter ZIP Code_cName'

2019-04-02 15:38:53 - [MESSAGE][PASSED] - Text 'Kayla' is set on object 'Object Repository/Page_HomePage/Add Site/input_Enter ZIP Code_cName'

2019-04-02 15:38:53 - [TEST_STEP][PASSED] - click(findTestObject("Page_HomePage/Add Site/label_Enter Location Phone Number")): Object: 'Object Repository/Page_HomePage/Add Site/label_Enter Location Phone Number' is clicked on

2019-04-02 15:38:54 - [MESSAGE][PASSED] - Object: 'Object Repository/Page_HomePage/Add Site/label_Enter Location Phone Number' is clicked on

2019-04-02 15:38:54 - [TEST_STEP][PASSED] - setText(findTestObject("Page_HomePage/Add Site/input_Enter Contact Name_locationPhone"), "(123)-456-7899"): Text '(123)-456-7899' is set on object 'Object Repository/Page_HomePage/Add Site/input_Enter Contact Name_locationPhone'

2019-04-02 15:38:54 - [MESSAGE][PASSED] - Text '(123)-456-7899' is set on object 'Object Repository/Page_HomePage/Add Site/input_Enter Contact Name_locationPhone'

2019-04-02 15:38:54 - [TEST_STEP][PASSED] - click(findTestObject("Page_HomePage/Add Site/a_NEXT_1")): Object: 'Object Repository/Page_HomePage/Add Site/a_NEXT_1' is clicked on

2019-04-02 15:38:55 - [MESSAGE][PASSED] - Object: 'Object Repository/Page_HomePage/Add Site/a_NEXT_1' is clicked on

2019-04-02 15:38:55 - [TEST_STEP][PASSED] - click(findTestObject("Page_HomePage/Add Site/a_Next (1)")): Object: 'Object Repository/Page_HomePage/Add Site/a_Next (1)' is clicked on

2019-04-02 15:38:55 - [MESSAGE][PASSED] - Object: 'Object Repository/Page_HomePage/Add Site/a_Next (1)' is clicked on

2019-04-02 15:38:55 - [TEST_STEP][PASSED] - click(findTestObject("Page_HomePage/Add Site/a_Copy to all")): Object: 'Object Repository/Page_HomePage/Add Site/a_Copy to all' is clicked on

2019-04-02 15:38:55 - [MESSAGE][PASSED] - Object: 'Object Repository/Page_HomePage/Add Site/a_Copy to all' is clicked on

2019-04-02 15:38:55 - [TEST_STEP][PASSED] - verifyElementPresent(findTestObject("Page_HomePage/Add Site/div_Success"), 20): Object 'Object Repository/Page_HomePage/Add Site/div_Success' is present

2019-04-02 15:38:55 - [MESSAGE][PASSED] - Object 'Object Repository/Page_HomePage/Add Site/div_Success' is present

2019-04-02 15:38:55 - [TEST_STEP][PASSED] - click(findTestObject("Page_HomePage/Add Site/a_Next_1 (1)")): Object: 'Object Repository/Page_HomePage/Add Site/a_Next_1 (1)' is clicked on

2019-04-02 15:38:56 - [MESSAGE][PASSED] - Object: 'Object Repository/Page_HomePage/Add Site/a_Next_1 (1)' is clicked on

2019-04-02 15:38:56 - [TEST_STEP][PASSED] - click(findTestObject("Page_HomePage/Add Site/a_Finish")): Object: 'Object Repository/Page_HomePage/Add Site/a_Finish' is clicked on

2019-04-02 15:38:56 - [MESSAGE][PASSED] - Object: 'Object Repository/Page_HomePage/Add Site/a_Finish' is clicked on

2019-04-02 15:38:56 - [TEST_STEP][PASSED] - verifyElementPresent(findTestObject("Page_HomePage/Add Site/div_Success"), 20): Object 'Object Repository/Page_HomePage/Add Site/div_Success' is present

2019-04-02 15:38:56 - [MESSAGE][PASSED] - Object 'Object Repository/Page_HomePage/Add Site/div_Success' is present]]></system-out>
         <system-err><![CDATA[]]></system-err>
      </testcase>
      <system-out><![CDATA[2019-04-02 15:38:34 - [TEST_SUITE][PASSED] - TS2_Add_Site: Test Cases/Sites/TC3_Add_Site]]></system-out>
      <system-err><![CDATA[]]></system-err>
   </testsuite>
</testsuites>
