<?xml version="1.0" encoding="UTF-8"?>
<testsuites name="TS2_Add_Site" time="44" tests="4" failures="0" errors="0">
   <testsuite name="TS2_Add_Site" tests="4" failures="0" errors="0" time="44" timestamp="2019-04-04 10:42:34" hostname="ktran - engshare.delphidisplay.com" id="Test Suites/Individual Test Suites/TS2_Add_Site">
      <properties>
         <property name="deviceName" value=""/>
         <property name="devicePlatform" value=""/>
         <property name="logFolder" value="C:\\Users\\ktran\\Katalon Studio\\cloud_test2\\Reports\\Individual Test Suites\\TS2_Add_Site\\20190404_104230"/>
         <property name="logFiles" value="C:\\Users\\ktran\\Katalon Studio\\cloud_test2\\Reports\\Individual Test Suites\\TS2_Add_Site\\20190404_104230\\execution0.log"/>
         <property name="attachments" value=""/>
         <property name="hostName" value="ktran - engshare.delphidisplay.com"/>
         <property name="os" value="Windows 10 64bit"/>
         <property name="katalonVersion" value="6.0.5.10"/>
         <property name="browser" value="Chrome 73.0.3683.86"/>
         <property name="hostAddress" value="192.168.11.14"/>
         <property name="sessionId" value="43f6777a1f2f44b1e459ba111589d4ed"/>
         <property name="seleniumVersion" value="3.7.1"/>
         <property name="proxyInformation" value="ProxyInformation{proxyOption=NO_PROXY, proxyServerType=HTTP, password=, proxyServerAddress=, proxyServerPort=0}"/>
         <property name="platform" value="Windows 10"/>
      </properties>
      <testcase name="Test Cases/Login_Tests/TC1_Login_Valid" classname="Test Cases/Login_Tests/TC1_Login_Valid" status="PASSED">
         <system-out><![CDATA[2019-04-04 10:42:35 - [TEST_CASE][PASSED] - Test Cases/Login_Tests/TC1_Login_Valid: Test Cases/Login_Tests/TC1_Login_Valid

2019-04-04 10:42:36 - [TEST_STEP][PASSED] - login_site = "http://ec2-54-148-80-155.us-west-2.compute.amazonaws.com:8080/Sites/#/login": null

2019-04-04 10:42:36 - [TEST_STEP][PASSED] - home_site = "http://ec2-54-148-80-155.us-west-2.compute.amazonaws.com:8080/Sites/#/site": null

2019-04-04 10:42:36 - [TEST_STEP][PASSED] - openBrowser(""): Browser is opened with url: ''

2019-04-04 10:42:37 - [MESSAGE][INFO] - Starting 'Chrome' driver

2019-04-04 10:42:37 - [MESSAGE][INFO] - Action delay is set to 0 seconds

2019-04-04 10:42:42 - [MESSAGE][PASSED] - Browser is opened with url: ''

2019-04-04 10:42:42 - [TEST_STEP][PASSED] - navigateToUrl(login_site): Navigate to 'http://ec2-54-148-80-155.us-west-2.compute.amazonaws.com:8080/Sites/#/login' successfully

2019-04-04 10:42:43 - [MESSAGE][PASSED] - Navigate to 'http://ec2-54-148-80-155.us-west-2.compute.amazonaws.com:8080/Sites/#/login' successfully

2019-04-04 10:42:43 - [TEST_STEP][PASSED] - setText(findTestObject("Page_Login/input_Username"), findTestData("Login/TD_Login").getValue(1, 1)): Text 'ktran' is set on object 'Object Repository/Page_Login/input_Username'

2019-04-04 10:42:47 - [MESSAGE][PASSED] - Text 'ktran' is set on object 'Object Repository/Page_Login/input_Username'

2019-04-04 10:42:47 - [TEST_STEP][PASSED] - setText(findTestObject("Page_Login/input_Password"), findTestData("Login/TD_Login").getValue(2, 1)): Text 'test!ng1' is set on object 'Object Repository/Page_Login/input_Password'

2019-04-04 10:42:47 - [MESSAGE][PASSED] - Text 'test!ng1' is set on object 'Object Repository/Page_Login/input_Password'

2019-04-04 10:42:47 - [TEST_STEP][PASSED] - click(findTestObject("Page_Login/a_Login")): Object: 'Object Repository/Page_Login/a_Login' is clicked on

2019-04-04 10:42:47 - [MESSAGE][PASSED] - Object: 'Object Repository/Page_Login/a_Login' is clicked on

2019-04-04 10:42:47 - [TEST_STEP][PASSED] - delay(2): Delayed 2 second(s)

2019-04-04 10:42:49 - [MESSAGE][PASSED] - Delayed 2 second(s)

2019-04-04 10:42:49 - [TEST_STEP][PASSED] - signedInPage = getUrl(): Current window's url is: 'http://ec2-54-148-80-155.us-west-2.compute.amazonaws.com:8080/Sites/#/site'

2019-04-04 10:42:49 - [MESSAGE][PASSED] - Current window's url is: 'http://ec2-54-148-80-155.us-west-2.compute.amazonaws.com:8080/Sites/#/site'

2019-04-04 10:42:49 - [TEST_STEP][PASSED] - assert signedInPage == home_site: null]]></system-out>
         <system-err><![CDATA[]]></system-err>
      </testcase>
      <testcase name="Test Cases/Sites/Add_Site/TC4_Add_One_Site" classname="Test Cases/Sites/Add_Site/TC4_Add_One_Site" status="PASSED">
         <system-out><![CDATA[2019-04-04 10:42:49 - [TEST_CASE][PASSED] - Test Cases/Sites/Add_Site/TC4_Add_One_Site: Test Cases/Sites/Add_Site/TC4_Add_One_Site

2019-04-04 10:42:50 - [TEST_STEP][PASSED] - click(findTestObject("Page_HomePage/Add Site/a_Add Site")): Object: 'Object Repository/Page_HomePage/Add Site/a_Add Site' is clicked on

2019-04-04 10:42:51 - [MESSAGE][PASSED] - Object: 'Object Repository/Page_HomePage/Add Site/a_Add Site' is clicked on

2019-04-04 10:42:51 - [TEST_STEP][PASSED] - click(findTestObject("Page_HomePage/Add Site/label_Enter Site Name")): Object: 'Object Repository/Page_HomePage/Add Site/label_Enter Site Name' is clicked on

2019-04-04 10:42:51 - [MESSAGE][PASSED] - Object: 'Object Repository/Page_HomePage/Add Site/label_Enter Site Name' is clicked on

2019-04-04 10:42:51 - [TEST_STEP][PASSED] - setText(findTestObject("Page_HomePage/Add Site/input__siteName"), findTestData("Sites/TD_Sites").getValue(1, 1)): Text 'McDonald's 6' is set on object 'Object Repository/Page_HomePage/Add Site/input__siteName'

2019-04-04 10:42:52 - [MESSAGE][PASSED] - Text 'McDonald's 6' is set on object 'Object Repository/Page_HomePage/Add Site/input__siteName'

2019-04-04 10:42:52 - [TEST_STEP][PASSED] - click(findTestObject("Page_HomePage/Add Site/label_Enter Address")): Object: 'Object Repository/Page_HomePage/Add Site/label_Enter Address' is clicked on

2019-04-04 10:42:52 - [MESSAGE][PASSED] - Object: 'Object Repository/Page_HomePage/Add Site/label_Enter Address' is clicked on

2019-04-04 10:42:52 - [TEST_STEP][PASSED] - setText(findTestObject("Page_HomePage/Add Site/input_Enter Site Name_address"), findTestData("Sites/TD_Sites").getValue(2, 1)): Text '11321 Talbert Ave' is set on object 'Object Repository/Page_HomePage/Add Site/input_Enter Site Name_address'

2019-04-04 10:42:53 - [MESSAGE][PASSED] - Text '11321 Talbert Ave' is set on object 'Object Repository/Page_HomePage/Add Site/input_Enter Site Name_address'

2019-04-04 10:42:53 - [TEST_STEP][PASSED] - click(findTestObject("Page_HomePage/Add Site/label_Enter City")): Object: 'Object Repository/Page_HomePage/Add Site/label_Enter City' is clicked on

2019-04-04 10:42:53 - [MESSAGE][PASSED] - Object: 'Object Repository/Page_HomePage/Add Site/label_Enter City' is clicked on

2019-04-04 10:42:53 - [TEST_STEP][PASSED] - setText(findTestObject("Page_HomePage/Add Site/input_Enter Address_city"), findTestData("Sites/TD_Sites").getValue(3, 1)): Text 'Fountain Valley' is set on object 'Object Repository/Page_HomePage/Add Site/input_Enter Address_city'

2019-04-04 10:42:54 - [MESSAGE][PASSED] - Text 'Fountain Valley' is set on object 'Object Repository/Page_HomePage/Add Site/input_Enter Address_city'

2019-04-04 10:42:54 - [TEST_STEP][PASSED] - click(findTestObject("Page_HomePage/Add Site/label_Enter State")): Object: 'Object Repository/Page_HomePage/Add Site/label_Enter State' is clicked on

2019-04-04 10:42:54 - [MESSAGE][PASSED] - Object: 'Object Repository/Page_HomePage/Add Site/label_Enter State' is clicked on

2019-04-04 10:42:54 - [TEST_STEP][PASSED] - setText(findTestObject("Page_HomePage/Add Site/input_Enter City_state"), findTestData("Sites/TD_Sites").getValue(4, 1)): Text 'California' is set on object 'Object Repository/Page_HomePage/Add Site/input_Enter City_state'

2019-04-04 10:42:54 - [MESSAGE][PASSED] - Text 'California' is set on object 'Object Repository/Page_HomePage/Add Site/input_Enter City_state'

2019-04-04 10:42:54 - [TEST_STEP][PASSED] - click(findTestObject("Page_HomePage/Add Site/a_NEXT")): Object: 'Object Repository/Page_HomePage/Add Site/a_NEXT' is clicked on

2019-04-04 10:42:55 - [MESSAGE][PASSED] - Object: 'Object Repository/Page_HomePage/Add Site/a_NEXT' is clicked on

2019-04-04 10:42:55 - [TEST_STEP][PASSED] - setText(findTestObject("Page_HomePage/Add Site/input_NEXT_country"), findTestData("Sites/TD_Sites").getValue(5, 1)): Text 'United States' is set on object 'Object Repository/Page_HomePage/Add Site/input_NEXT_country'

2019-04-04 10:42:55 - [MESSAGE][PASSED] - Text 'United States' is set on object 'Object Repository/Page_HomePage/Add Site/input_NEXT_country'

2019-04-04 10:42:55 - [TEST_STEP][PASSED] - click(findTestObject("Page_HomePage/Add Site/label_Enter ZIP Code")): Object: 'Object Repository/Page_HomePage/Add Site/label_Enter ZIP Code' is clicked on

2019-04-04 10:42:55 - [MESSAGE][PASSED] - Object: 'Object Repository/Page_HomePage/Add Site/label_Enter ZIP Code' is clicked on

2019-04-04 10:42:55 - [TEST_STEP][PASSED] - setText(findTestObject("Page_HomePage/Add Site/input_Enter Country_ZIP"), findTestData("Sites/TD_Sites").getValue(6, 1)): Text '92708' is set on object 'Object Repository/Page_HomePage/Add Site/input_Enter Country_ZIP'

2019-04-04 10:42:56 - [MESSAGE][PASSED] - Text '92708' is set on object 'Object Repository/Page_HomePage/Add Site/input_Enter Country_ZIP'

2019-04-04 10:42:56 - [TEST_STEP][PASSED] - click(findTestObject("Page_HomePage/Add Site/label_Enter Contact Name")): Object: 'Object Repository/Page_HomePage/Add Site/label_Enter Contact Name' is clicked on

2019-04-04 10:42:56 - [MESSAGE][PASSED] - Object: 'Object Repository/Page_HomePage/Add Site/label_Enter Contact Name' is clicked on

2019-04-04 10:42:56 - [TEST_STEP][PASSED] - setText(findTestObject("Page_HomePage/Add Site/input_Enter ZIP Code_cName"), findTestData("Sites/TD_Sites").getValue(7, 1)): Text 'Ronald' is set on object 'Object Repository/Page_HomePage/Add Site/input_Enter ZIP Code_cName'

2019-04-04 10:42:56 - [MESSAGE][PASSED] - Text 'Ronald' is set on object 'Object Repository/Page_HomePage/Add Site/input_Enter ZIP Code_cName'

2019-04-04 10:42:56 - [TEST_STEP][PASSED] - click(findTestObject("Page_HomePage/Add Site/label_Enter Location Phone Number")): Object: 'Object Repository/Page_HomePage/Add Site/label_Enter Location Phone Number' is clicked on

2019-04-04 10:42:57 - [MESSAGE][PASSED] - Object: 'Object Repository/Page_HomePage/Add Site/label_Enter Location Phone Number' is clicked on

2019-04-04 10:42:57 - [TEST_STEP][PASSED] - setText(findTestObject("Page_HomePage/Add Site/input_Enter Contact Name_locationPhone"), findTestData("Sites/TD_Sites").getValue(8, 1)): Text '1234567899' is set on object 'Object Repository/Page_HomePage/Add Site/input_Enter Contact Name_locationPhone'

2019-04-04 10:42:57 - [MESSAGE][PASSED] - Text '1234567899' is set on object 'Object Repository/Page_HomePage/Add Site/input_Enter Contact Name_locationPhone'

2019-04-04 10:42:57 - [TEST_STEP][PASSED] - click(findTestObject("Page_HomePage/Add Site/a_NEXT_1")): Object: 'Object Repository/Page_HomePage/Add Site/a_NEXT_1' is clicked on

2019-04-04 10:42:57 - [MESSAGE][PASSED] - Object: 'Object Repository/Page_HomePage/Add Site/a_NEXT_1' is clicked on

2019-04-04 10:42:57 - [TEST_STEP][PASSED] - click(findTestObject("Page_HomePage/Add Site/a_Next (1)")): Object: 'Object Repository/Page_HomePage/Add Site/a_Next (1)' is clicked on

2019-04-04 10:42:58 - [MESSAGE][PASSED] - Object: 'Object Repository/Page_HomePage/Add Site/a_Next (1)' is clicked on

2019-04-04 10:42:58 - [TEST_STEP][PASSED] - click(findTestObject("Page_HomePage/Add Site/a_Copy to all")): Object: 'Object Repository/Page_HomePage/Add Site/a_Copy to all' is clicked on

2019-04-04 10:42:58 - [MESSAGE][PASSED] - Object: 'Object Repository/Page_HomePage/Add Site/a_Copy to all' is clicked on

2019-04-04 10:42:58 - [TEST_STEP][PASSED] - verifyElementPresent(findTestObject("Page_HomePage/Add Site/div_Success"), 20): Object 'Object Repository/Page_HomePage/Add Site/div_Success' is present

2019-04-04 10:42:58 - [MESSAGE][PASSED] - Object 'Object Repository/Page_HomePage/Add Site/div_Success' is present

2019-04-04 10:42:58 - [TEST_STEP][PASSED] - click(findTestObject("Page_HomePage/Add Site/a_Next_1 (1)")): Object: 'Object Repository/Page_HomePage/Add Site/a_Next_1 (1)' is clicked on

2019-04-04 10:42:58 - [MESSAGE][PASSED] - Object: 'Object Repository/Page_HomePage/Add Site/a_Next_1 (1)' is clicked on

2019-04-04 10:42:58 - [TEST_STEP][PASSED] - click(findTestObject("Page_HomePage/Add Site/a_Finish")): Object: 'Object Repository/Page_HomePage/Add Site/a_Finish' is clicked on

2019-04-04 10:42:58 - [MESSAGE][PASSED] - Object: 'Object Repository/Page_HomePage/Add Site/a_Finish' is clicked on

2019-04-04 10:42:58 - [TEST_STEP][PASSED] - verifyElementPresent(findTestObject("Page_HomePage/Add Site/div_Success"), 20): Object 'Object Repository/Page_HomePage/Add Site/div_Success' is present

2019-04-04 10:42:58 - [MESSAGE][PASSED] - Object 'Object Repository/Page_HomePage/Add Site/div_Success' is present

2019-04-04 10:42:58 - [TEST_STEP][PASSED] - delay(2): Delayed 2 second(s)

2019-04-04 10:43:00 - [MESSAGE][PASSED] - Delayed 2 second(s)]]></system-out>
         <system-err><![CDATA[]]></system-err>
      </testcase>
      <testcase name="Test Cases/Sites/Add_Site/TC5_Add_Multiple_Sites" classname="Test Cases/Sites/Add_Site/TC5_Add_Multiple_Sites" status="PASSED">
         <system-out><![CDATA[2019-04-04 10:43:00 - [TEST_CASE][PASSED] - Test Cases/Sites/Add_Site/TC5_Add_Multiple_Sites: Test Cases/Sites/Add_Site/TC5_Add_Multiple_Sites

2019-04-04 10:43:01 - [TEST_STEP][PASSED] - for ([row = 2, row < 4, (row++)]): Delayed 2 second(s)

2019-04-04 10:43:01 - [TEST_STEP][PASSED] - click(findTestObject("Page_HomePage/Add Site/a_Add Site")): Object: 'Object Repository/Page_HomePage/Add Site/a_Add Site' is clicked on

2019-04-04 10:43:01 - [MESSAGE][PASSED] - Object: 'Object Repository/Page_HomePage/Add Site/a_Add Site' is clicked on

2019-04-04 10:43:01 - [TEST_STEP][PASSED] - click(findTestObject("Page_HomePage/Add Site/label_Enter Site Name")): Object: 'Object Repository/Page_HomePage/Add Site/label_Enter Site Name' is clicked on

2019-04-04 10:43:01 - [MESSAGE][PASSED] - Object: 'Object Repository/Page_HomePage/Add Site/label_Enter Site Name' is clicked on

2019-04-04 10:43:01 - [TEST_STEP][PASSED] - setText(findTestObject("Page_HomePage/Add Site/input__siteName"), findTestData("Sites/TD_Sites").getValue(1, row)): Text 'McDonald's 7' is set on object 'Object Repository/Page_HomePage/Add Site/input__siteName'

2019-04-04 10:43:02 - [MESSAGE][PASSED] - Text 'McDonald's 7' is set on object 'Object Repository/Page_HomePage/Add Site/input__siteName'

2019-04-04 10:43:02 - [TEST_STEP][PASSED] - click(findTestObject("Page_HomePage/Add Site/label_Enter Address")): Object: 'Object Repository/Page_HomePage/Add Site/label_Enter Address' is clicked on

2019-04-04 10:43:02 - [MESSAGE][PASSED] - Object: 'Object Repository/Page_HomePage/Add Site/label_Enter Address' is clicked on

2019-04-04 10:43:02 - [TEST_STEP][PASSED] - setText(findTestObject("Page_HomePage/Add Site/input_Enter Site Name_address"), findTestData("Sites/TD_Sites").getValue(2, row)): Text '3141 Harbor Blvd' is set on object 'Object Repository/Page_HomePage/Add Site/input_Enter Site Name_address'

2019-04-04 10:43:03 - [MESSAGE][PASSED] - Text '3141 Harbor Blvd' is set on object 'Object Repository/Page_HomePage/Add Site/input_Enter Site Name_address'

2019-04-04 10:43:03 - [TEST_STEP][PASSED] - click(findTestObject("Page_HomePage/Add Site/label_Enter City")): Object: 'Object Repository/Page_HomePage/Add Site/label_Enter City' is clicked on

2019-04-04 10:43:03 - [MESSAGE][PASSED] - Object: 'Object Repository/Page_HomePage/Add Site/label_Enter City' is clicked on

2019-04-04 10:43:03 - [TEST_STEP][PASSED] - setText(findTestObject("Page_HomePage/Add Site/input_Enter Address_city"), findTestData("Sites/TD_Sites").getValue(3, row)): Text 'Costa Mesa' is set on object 'Object Repository/Page_HomePage/Add Site/input_Enter Address_city'

2019-04-04 10:43:03 - [MESSAGE][PASSED] - Text 'Costa Mesa' is set on object 'Object Repository/Page_HomePage/Add Site/input_Enter Address_city'

2019-04-04 10:43:03 - [TEST_STEP][PASSED] - click(findTestObject("Page_HomePage/Add Site/label_Enter State")): Object: 'Object Repository/Page_HomePage/Add Site/label_Enter State' is clicked on

2019-04-04 10:43:03 - [MESSAGE][PASSED] - Object: 'Object Repository/Page_HomePage/Add Site/label_Enter State' is clicked on

2019-04-04 10:43:03 - [TEST_STEP][PASSED] - setText(findTestObject("Page_HomePage/Add Site/input_Enter City_state"), findTestData("Sites/TD_Sites").getValue(4, row)): Text 'California' is set on object 'Object Repository/Page_HomePage/Add Site/input_Enter City_state'

2019-04-04 10:43:04 - [MESSAGE][PASSED] - Text 'California' is set on object 'Object Repository/Page_HomePage/Add Site/input_Enter City_state'

2019-04-04 10:43:04 - [TEST_STEP][PASSED] - click(findTestObject("Page_HomePage/Add Site/a_NEXT")): Object: 'Object Repository/Page_HomePage/Add Site/a_NEXT' is clicked on

2019-04-04 10:43:04 - [MESSAGE][PASSED] - Object: 'Object Repository/Page_HomePage/Add Site/a_NEXT' is clicked on

2019-04-04 10:43:04 - [TEST_STEP][PASSED] - setText(findTestObject("Page_HomePage/Add Site/input_NEXT_country"), findTestData("Sites/TD_Sites").getValue(5, row)): Text 'United States' is set on object 'Object Repository/Page_HomePage/Add Site/input_NEXT_country'

2019-04-04 10:43:04 - [MESSAGE][PASSED] - Text 'United States' is set on object 'Object Repository/Page_HomePage/Add Site/input_NEXT_country'

2019-04-04 10:43:04 - [TEST_STEP][PASSED] - click(findTestObject("Page_HomePage/Add Site/label_Enter ZIP Code")): Object: 'Object Repository/Page_HomePage/Add Site/label_Enter ZIP Code' is clicked on

2019-04-04 10:43:04 - [MESSAGE][PASSED] - Object: 'Object Repository/Page_HomePage/Add Site/label_Enter ZIP Code' is clicked on

2019-04-04 10:43:04 - [TEST_STEP][PASSED] - setText(findTestObject("Page_HomePage/Add Site/input_Enter Country_ZIP"), findTestData("Sites/TD_Sites").getValue(6, row)): Text '92626' is set on object 'Object Repository/Page_HomePage/Add Site/input_Enter Country_ZIP'

2019-04-04 10:43:05 - [MESSAGE][PASSED] - Text '92626' is set on object 'Object Repository/Page_HomePage/Add Site/input_Enter Country_ZIP'

2019-04-04 10:43:05 - [TEST_STEP][PASSED] - click(findTestObject("Page_HomePage/Add Site/label_Enter Contact Name")): Object: 'Object Repository/Page_HomePage/Add Site/label_Enter Contact Name' is clicked on

2019-04-04 10:43:05 - [MESSAGE][PASSED] - Object: 'Object Repository/Page_HomePage/Add Site/label_Enter Contact Name' is clicked on

2019-04-04 10:43:05 - [TEST_STEP][PASSED] - setText(findTestObject("Page_HomePage/Add Site/input_Enter ZIP Code_cName"), findTestData("Sites/TD_Sites").getValue(7, row)): Text 'Ronalda' is set on object 'Object Repository/Page_HomePage/Add Site/input_Enter ZIP Code_cName'

2019-04-04 10:43:05 - [MESSAGE][PASSED] - Text 'Ronalda' is set on object 'Object Repository/Page_HomePage/Add Site/input_Enter ZIP Code_cName'

2019-04-04 10:43:05 - [TEST_STEP][PASSED] - click(findTestObject("Page_HomePage/Add Site/label_Enter Location Phone Number")): Object: 'Object Repository/Page_HomePage/Add Site/label_Enter Location Phone Number' is clicked on

2019-04-04 10:43:05 - [MESSAGE][PASSED] - Object: 'Object Repository/Page_HomePage/Add Site/label_Enter Location Phone Number' is clicked on

2019-04-04 10:43:05 - [TEST_STEP][PASSED] - setText(findTestObject("Page_HomePage/Add Site/input_Enter Contact Name_locationPhone"), findTestData("Sites/TD_Sites").getValue(8, row)): Text '1234567899' is set on object 'Object Repository/Page_HomePage/Add Site/input_Enter Contact Name_locationPhone'

2019-04-04 10:43:06 - [MESSAGE][PASSED] - Text '1234567899' is set on object 'Object Repository/Page_HomePage/Add Site/input_Enter Contact Name_locationPhone'

2019-04-04 10:43:06 - [TEST_STEP][PASSED] - click(findTestObject("Page_HomePage/Add Site/a_NEXT_1")): Object: 'Object Repository/Page_HomePage/Add Site/a_NEXT_1' is clicked on

2019-04-04 10:43:06 - [MESSAGE][PASSED] - Object: 'Object Repository/Page_HomePage/Add Site/a_NEXT_1' is clicked on

2019-04-04 10:43:06 - [TEST_STEP][PASSED] - click(findTestObject("Page_HomePage/Add Site/a_Next (1)")): Object: 'Object Repository/Page_HomePage/Add Site/a_Next (1)' is clicked on

2019-04-04 10:43:06 - [MESSAGE][PASSED] - Object: 'Object Repository/Page_HomePage/Add Site/a_Next (1)' is clicked on

2019-04-04 10:43:06 - [TEST_STEP][PASSED] - click(findTestObject("Page_HomePage/Add Site/a_Copy to all")): Object: 'Object Repository/Page_HomePage/Add Site/a_Copy to all' is clicked on

2019-04-04 10:43:07 - [MESSAGE][PASSED] - Object: 'Object Repository/Page_HomePage/Add Site/a_Copy to all' is clicked on

2019-04-04 10:43:07 - [TEST_STEP][PASSED] - verifyElementPresent(findTestObject("Page_HomePage/Add Site/div_Success"), 20): Object 'Object Repository/Page_HomePage/Add Site/div_Success' is present

2019-04-04 10:43:07 - [MESSAGE][PASSED] - Object 'Object Repository/Page_HomePage/Add Site/div_Success' is present

2019-04-04 10:43:07 - [TEST_STEP][PASSED] - click(findTestObject("Page_HomePage/Add Site/a_Next_1 (1)")): Object: 'Object Repository/Page_HomePage/Add Site/a_Next_1 (1)' is clicked on

2019-04-04 10:43:07 - [MESSAGE][PASSED] - Object: 'Object Repository/Page_HomePage/Add Site/a_Next_1 (1)' is clicked on

2019-04-04 10:43:07 - [TEST_STEP][PASSED] - click(findTestObject("Page_HomePage/Add Site/a_Finish")): Object: 'Object Repository/Page_HomePage/Add Site/a_Finish' is clicked on

2019-04-04 10:43:07 - [MESSAGE][PASSED] - Object: 'Object Repository/Page_HomePage/Add Site/a_Finish' is clicked on

2019-04-04 10:43:07 - [TEST_STEP][PASSED] - verifyElementPresent(findTestObject("Page_HomePage/Add Site/div_Success"), 20): Object 'Object Repository/Page_HomePage/Add Site/div_Success' is present

2019-04-04 10:43:07 - [MESSAGE][PASSED] - Object 'Object Repository/Page_HomePage/Add Site/div_Success' is present

2019-04-04 10:43:07 - [TEST_STEP][PASSED] - delay(2): Delayed 2 second(s)

2019-04-04 10:43:09 - [MESSAGE][PASSED] - Delayed 2 second(s)

2019-04-04 10:43:09 - [TEST_STEP][PASSED] - click(findTestObject("Page_HomePage/Add Site/a_Add Site")): Object: 'Object Repository/Page_HomePage/Add Site/a_Add Site' is clicked on

2019-04-04 10:43:09 - [MESSAGE][PASSED] - Object: 'Object Repository/Page_HomePage/Add Site/a_Add Site' is clicked on

2019-04-04 10:43:09 - [TEST_STEP][PASSED] - click(findTestObject("Page_HomePage/Add Site/label_Enter Site Name")): Object: 'Object Repository/Page_HomePage/Add Site/label_Enter Site Name' is clicked on

2019-04-04 10:43:09 - [MESSAGE][PASSED] - Object: 'Object Repository/Page_HomePage/Add Site/label_Enter Site Name' is clicked on

2019-04-04 10:43:09 - [TEST_STEP][PASSED] - setText(findTestObject("Page_HomePage/Add Site/input__siteName"), findTestData("Sites/TD_Sites").getValue(1, row)): Text 'McDonald's 8' is set on object 'Object Repository/Page_HomePage/Add Site/input__siteName'

2019-04-04 10:43:10 - [MESSAGE][PASSED] - Text 'McDonald's 8' is set on object 'Object Repository/Page_HomePage/Add Site/input__siteName'

2019-04-04 10:43:10 - [TEST_STEP][PASSED] - click(findTestObject("Page_HomePage/Add Site/label_Enter Address")): Object: 'Object Repository/Page_HomePage/Add Site/label_Enter Address' is clicked on

2019-04-04 10:43:10 - [MESSAGE][PASSED] - Object: 'Object Repository/Page_HomePage/Add Site/label_Enter Address' is clicked on

2019-04-04 10:43:10 - [TEST_STEP][PASSED] - setText(findTestObject("Page_HomePage/Add Site/input_Enter Site Name_address"), findTestData("Sites/TD_Sites").getValue(2, row)): Text '2701 W MacArthur Blvd' is set on object 'Object Repository/Page_HomePage/Add Site/input_Enter Site Name_address'

2019-04-04 10:43:11 - [MESSAGE][PASSED] - Text '2701 W MacArthur Blvd' is set on object 'Object Repository/Page_HomePage/Add Site/input_Enter Site Name_address'

2019-04-04 10:43:11 - [TEST_STEP][PASSED] - click(findTestObject("Page_HomePage/Add Site/label_Enter City")): Object: 'Object Repository/Page_HomePage/Add Site/label_Enter City' is clicked on

2019-04-04 10:43:11 - [MESSAGE][PASSED] - Object: 'Object Repository/Page_HomePage/Add Site/label_Enter City' is clicked on

2019-04-04 10:43:11 - [TEST_STEP][PASSED] - setText(findTestObject("Page_HomePage/Add Site/input_Enter Address_city"), findTestData("Sites/TD_Sites").getValue(3, row)): Text 'Santa Ana' is set on object 'Object Repository/Page_HomePage/Add Site/input_Enter Address_city'

2019-04-04 10:43:11 - [MESSAGE][PASSED] - Text 'Santa Ana' is set on object 'Object Repository/Page_HomePage/Add Site/input_Enter Address_city'

2019-04-04 10:43:11 - [TEST_STEP][PASSED] - click(findTestObject("Page_HomePage/Add Site/label_Enter State")): Object: 'Object Repository/Page_HomePage/Add Site/label_Enter State' is clicked on

2019-04-04 10:43:11 - [MESSAGE][PASSED] - Object: 'Object Repository/Page_HomePage/Add Site/label_Enter State' is clicked on

2019-04-04 10:43:11 - [TEST_STEP][PASSED] - setText(findTestObject("Page_HomePage/Add Site/input_Enter City_state"), findTestData("Sites/TD_Sites").getValue(4, row)): Text 'California' is set on object 'Object Repository/Page_HomePage/Add Site/input_Enter City_state'

2019-04-04 10:43:12 - [MESSAGE][PASSED] - Text 'California' is set on object 'Object Repository/Page_HomePage/Add Site/input_Enter City_state'

2019-04-04 10:43:12 - [TEST_STEP][PASSED] - click(findTestObject("Page_HomePage/Add Site/a_NEXT")): Object: 'Object Repository/Page_HomePage/Add Site/a_NEXT' is clicked on

2019-04-04 10:43:12 - [MESSAGE][PASSED] - Object: 'Object Repository/Page_HomePage/Add Site/a_NEXT' is clicked on

2019-04-04 10:43:12 - [TEST_STEP][PASSED] - setText(findTestObject("Page_HomePage/Add Site/input_NEXT_country"), findTestData("Sites/TD_Sites").getValue(5, row)): Text 'United States ' is set on object 'Object Repository/Page_HomePage/Add Site/input_NEXT_country'

2019-04-04 10:43:12 - [MESSAGE][PASSED] - Text 'United States ' is set on object 'Object Repository/Page_HomePage/Add Site/input_NEXT_country'

2019-04-04 10:43:12 - [TEST_STEP][PASSED] - click(findTestObject("Page_HomePage/Add Site/label_Enter ZIP Code")): Object: 'Object Repository/Page_HomePage/Add Site/label_Enter ZIP Code' is clicked on

2019-04-04 10:43:12 - [MESSAGE][PASSED] - Object: 'Object Repository/Page_HomePage/Add Site/label_Enter ZIP Code' is clicked on

2019-04-04 10:43:12 - [TEST_STEP][PASSED] - setText(findTestObject("Page_HomePage/Add Site/input_Enter Country_ZIP"), findTestData("Sites/TD_Sites").getValue(6, row)): Text '92704' is set on object 'Object Repository/Page_HomePage/Add Site/input_Enter Country_ZIP'

2019-04-04 10:43:13 - [MESSAGE][PASSED] - Text '92704' is set on object 'Object Repository/Page_HomePage/Add Site/input_Enter Country_ZIP'

2019-04-04 10:43:13 - [TEST_STEP][PASSED] - click(findTestObject("Page_HomePage/Add Site/label_Enter Contact Name")): Object: 'Object Repository/Page_HomePage/Add Site/label_Enter Contact Name' is clicked on

2019-04-04 10:43:13 - [MESSAGE][PASSED] - Object: 'Object Repository/Page_HomePage/Add Site/label_Enter Contact Name' is clicked on

2019-04-04 10:43:13 - [TEST_STEP][PASSED] - setText(findTestObject("Page_HomePage/Add Site/input_Enter ZIP Code_cName"), findTestData("Sites/TD_Sites").getValue(7, row)): Text 'Ronaldo' is set on object 'Object Repository/Page_HomePage/Add Site/input_Enter ZIP Code_cName'

2019-04-04 10:43:13 - [MESSAGE][PASSED] - Text 'Ronaldo' is set on object 'Object Repository/Page_HomePage/Add Site/input_Enter ZIP Code_cName'

2019-04-04 10:43:13 - [TEST_STEP][PASSED] - click(findTestObject("Page_HomePage/Add Site/label_Enter Location Phone Number")): Object: 'Object Repository/Page_HomePage/Add Site/label_Enter Location Phone Number' is clicked on

2019-04-04 10:43:13 - [MESSAGE][PASSED] - Object: 'Object Repository/Page_HomePage/Add Site/label_Enter Location Phone Number' is clicked on

2019-04-04 10:43:13 - [TEST_STEP][PASSED] - setText(findTestObject("Page_HomePage/Add Site/input_Enter Contact Name_locationPhone"), findTestData("Sites/TD_Sites").getValue(8, row)): Text '1234567899' is set on object 'Object Repository/Page_HomePage/Add Site/input_Enter Contact Name_locationPhone'

2019-04-04 10:43:14 - [MESSAGE][PASSED] - Text '1234567899' is set on object 'Object Repository/Page_HomePage/Add Site/input_Enter Contact Name_locationPhone'

2019-04-04 10:43:14 - [TEST_STEP][PASSED] - click(findTestObject("Page_HomePage/Add Site/a_NEXT_1")): Object: 'Object Repository/Page_HomePage/Add Site/a_NEXT_1' is clicked on

2019-04-04 10:43:14 - [MESSAGE][PASSED] - Object: 'Object Repository/Page_HomePage/Add Site/a_NEXT_1' is clicked on

2019-04-04 10:43:14 - [TEST_STEP][PASSED] - click(findTestObject("Page_HomePage/Add Site/a_Next (1)")): Object: 'Object Repository/Page_HomePage/Add Site/a_Next (1)' is clicked on

2019-04-04 10:43:14 - [MESSAGE][PASSED] - Object: 'Object Repository/Page_HomePage/Add Site/a_Next (1)' is clicked on

2019-04-04 10:43:14 - [TEST_STEP][PASSED] - click(findTestObject("Page_HomePage/Add Site/a_Copy to all")): Object: 'Object Repository/Page_HomePage/Add Site/a_Copy to all' is clicked on

2019-04-04 10:43:14 - [MESSAGE][PASSED] - Object: 'Object Repository/Page_HomePage/Add Site/a_Copy to all' is clicked on

2019-04-04 10:43:14 - [TEST_STEP][PASSED] - verifyElementPresent(findTestObject("Page_HomePage/Add Site/div_Success"), 20): Object 'Object Repository/Page_HomePage/Add Site/div_Success' is present

2019-04-04 10:43:14 - [MESSAGE][PASSED] - Object 'Object Repository/Page_HomePage/Add Site/div_Success' is present

2019-04-04 10:43:14 - [TEST_STEP][PASSED] - click(findTestObject("Page_HomePage/Add Site/a_Next_1 (1)")): Object: 'Object Repository/Page_HomePage/Add Site/a_Next_1 (1)' is clicked on

2019-04-04 10:43:14 - [MESSAGE][PASSED] - Object: 'Object Repository/Page_HomePage/Add Site/a_Next_1 (1)' is clicked on

2019-04-04 10:43:14 - [TEST_STEP][PASSED] - click(findTestObject("Page_HomePage/Add Site/a_Finish")): Object: 'Object Repository/Page_HomePage/Add Site/a_Finish' is clicked on

2019-04-04 10:43:14 - [MESSAGE][PASSED] - Object: 'Object Repository/Page_HomePage/Add Site/a_Finish' is clicked on

2019-04-04 10:43:14 - [TEST_STEP][PASSED] - verifyElementPresent(findTestObject("Page_HomePage/Add Site/div_Success"), 20): Object 'Object Repository/Page_HomePage/Add Site/div_Success' is present

2019-04-04 10:43:15 - [MESSAGE][PASSED] - Object 'Object Repository/Page_HomePage/Add Site/div_Success' is present

2019-04-04 10:43:15 - [TEST_STEP][PASSED] - delay(2): Delayed 2 second(s)

2019-04-04 10:43:17 - [MESSAGE][PASSED] - Delayed 2 second(s)]]></system-out>
         <system-err><![CDATA[]]></system-err>
      </testcase>
      <testcase name="Test Cases/Logout/TC3_Logout" classname="Test Cases/Logout/TC3_Logout" status="PASSED">
         <system-out><![CDATA[2019-04-04 10:43:17 - [TEST_CASE][PASSED] - Test Cases/Logout/TC3_Logout: Test Cases/Logout/TC3_Logout

2019-04-04 10:43:17 - [TEST_STEP][PASSED] - delay(1): Delayed 1 second(s)

2019-04-04 10:43:18 - [MESSAGE][PASSED] - Delayed 1 second(s)

2019-04-04 10:43:18 - [TEST_STEP][PASSED] - click(findTestObject("Page_HomePage/Profile/i_Add Site_upDownIcon")): Object: 'Object Repository/Page_HomePage/Profile/i_Add Site_upDownIcon' is clicked on

2019-04-04 10:43:18 - [MESSAGE][PASSED] - Object: 'Object Repository/Page_HomePage/Profile/i_Add Site_upDownIcon' is clicked on

2019-04-04 10:43:18 - [TEST_STEP][PASSED] - click(findTestObject("Page_HomePage/Profile/a_Sign Out")): Object: 'Object Repository/Page_HomePage/Profile/a_Sign Out' is clicked on

2019-04-04 10:43:18 - [MESSAGE][PASSED] - Object: 'Object Repository/Page_HomePage/Profile/a_Sign Out' is clicked on

2019-04-04 10:43:18 - [TEST_STEP][PASSED] - click(findTestObject("Page_HomePage/Profile/a_Yes")): Object: 'Object Repository/Page_HomePage/Profile/a_Yes' is clicked on

2019-04-04 10:43:18 - [MESSAGE][PASSED] - Object: 'Object Repository/Page_HomePage/Profile/a_Yes' is clicked on]]></system-out>
         <system-err><![CDATA[]]></system-err>
      </testcase>
      <system-out><![CDATA[2019-04-04 10:42:34 - [TEST_SUITE][PASSED] - TS2_Add_Site: Test Cases/Logout/TC3_Logout]]></system-out>
      <system-err><![CDATA[]]></system-err>
   </testsuite>
</testsuites>
